<?xml version="1.0"?>
<!DOCTYPE coverage SYSTEM "http://cobertura.sourceforge.net/xml/coverage-04.dtd">

<coverage line-rate="0.0" branch-rate="1.0" lines-covered="0" lines-valid="2" branches-covered="0" branches-valid="0" complexity="0.0" version="2.0.3" timestamp="1420531137823">
	<sources>
		<source>/Users/moltak/Documents/android_project/AndroidTestIntegration/test/src/main/java</source>
	</sources>
	<packages>
		<package name="com.limotaxi.androidtestintegration.model" line-rate="0.0" branch-rate="1.0" complexity="0.0">
			<classes>
				<class name="com.limotaxi.androidtestintegration.model.Admin" filename="com/limotaxi/androidtestintegration/model/Admin.java" line-rate="0.0" branch-rate="1.0" complexity="0.0">
					<methods>
						<method name="getName" signature="()Ljava/lang/String;" line-rate="0.0" branch-rate="1.0">
							<lines>
								<line number="8" hits="0" branch="false"/>
							</lines>
						</method>
					</methods>
					<lines>
						<line number="8" hits="0" branch="false"/>
					</lines>
				</class>
				<class name="com.limotaxi.androidtestintegration.model.User" filename="com/limotaxi/androidtestintegration/model/User.java" line-rate="0.0" branch-rate="1.0" complexity="0.0">
					<methods>
						<method name="getLength" signature="()I" line-rate="0.0" branch-rate="1.0">
							<lines>
								<line number="8" hits="0" branch="false"/>
							</lines>
						</method>
					</methods>
					<lines>
						<line number="8" hits="0" branch="false"/>
					</lines>
				</class>
			</classes>
		</package>
	</packages>
</coverage>
